<?xml version="1.0" encoding="UTF-8"?>
<!-- Generated by org.testng.reporters.JUnitReportReporter -->
<testsuite hostname="LAPTOP-68UKKPJO" failures="0" tests="1" name="com.sevenmartsupermarket.tests.PushNotificationsTest" time="4.963" errors="0" timestamp="2023-10-26T08:17:31 IST" skipped="0">
  <testcase classname="com.sevenmartsupermarket.tests.PushNotificationsTest" name="verifyPushNotification" time="4.963"/>
</testsuite> <!-- com.sevenmartsupermarket.tests.PushNotificationsTest -->
