<?xml version="1.0" encoding="UTF-8"?>
<!-- Generated by org.testng.reporters.JUnitReportReporter -->
<testsuite hostname="LAPTOP-68UKKPJO" failures="0" tests="1" name="com.sevenmartsupermarket.tests.LoginTest" time="4.532" errors="0" timestamp="2023-10-27T08:27:41 IST" skipped="0">
  <testcase classname="com.sevenmartsupermarket.tests.LoginTest" name="verifyLogin" time="4.532"/>
</testsuite> <!-- com.sevenmartsupermarket.tests.LoginTest -->
