<?xml version="1.0" encoding="UTF-8"?>
<!-- Generated by org.testng.reporters.JUnitReportReporter -->
<testsuite hostname="LAPTOP-68UKKPJO" failures="0" tests="3" name="com.sevenmartsupermarket.tests.LoginTest" time="7.435" errors="0" timestamp="2023-10-24T08:50:45 IST" skipped="0">
  <testcase classname="com.sevenmartsupermarket.tests.LoginTest" name="verifyAdminLoginTest" time="1.965"/>
  <testcase classname="com.sevenmartsupermarket.tests.LoginTest" name="verifyAdminLoginTest" time="3.477"/>
  <testcase classname="com.sevenmartsupermarket.tests.LoginTest" name="verifyAdminLoginTest" time="1.993"/>
</testsuite> <!-- com.sevenmartsupermarket.tests.LoginTest -->
