<?xml version="1.0" encoding="UTF-8"?>
<!-- Generated by org.testng.reporters.JUnitReportReporter -->
<testsuite hostname="LAPTOP-68UKKPJO" failures="0" tests="1" name="com.sevenmartsupermarket.tests.HomeTest" time="3.770" errors="0" timestamp="2023-10-26T05:39:27 IST" skipped="0">
  <testcase classname="com.sevenmartsupermarket.tests.HomeTest" name="verifyProfileName" time="3.770"/>
</testsuite> <!-- com.sevenmartsupermarket.tests.HomeTest -->
