<?xml version="1.0" encoding="UTF-8"?>
<!-- Generated by org.testng.reporters.JUnitReportReporter -->
<testsuite hostname="LAPTOP-68UKKPJO" failures="0" tests="1" name="com.sevenmartsupermarket.tests.AdminUsersTest" time="4.976" errors="0" timestamp="2023-10-21T08:52:46 IST" skipped="0">
  <testcase classname="com.sevenmartsupermarket.tests.AdminUsersTest" name="verifyUserDeactivator" time="4.976"/>
</testsuite> <!-- com.sevenmartsupermarket.tests.AdminUsersTest -->
